0 verbose cli /data/data/com.termux/files/usr/bin/node /data/data/com.termux/files/usr/bin/npm
1 info using npm@11.17.0
2 info using node@v26.3.1
3 silly config load:file:/data/data/com.termux/files/usr/lib/node_modules/npm/npmrc
4 silly config load:file:/data/data/com.termux/files/home/.npmrc
5 silly config load:file:/data/data/com.termux/files/usr/etc/npmrc
6 verbose title npm install yt-dlp
7 verbose argv "install" "yt-dlp" "--save"
8 verbose logfile logs-max:10 dir:/data/data/com.termux/files/home/.npm/_logs/2026-07-18T05_18_26_819Z-
9 verbose logfile /data/data/com.termux/files/home/.npm/_logs/2026-07-18T05_18_26_819Z-debug-0.log
10 silly logfile done cleaning log files
11 silly packumentCache heap:2248146944 maxSize:562036736 maxEntrySize:281018368
12 silly idealTree buildDeps
13 silly fetch manifest yt-dlp@*
14 silly packumentCache full:https://registry.npmjs.org/yt-dlp cache-miss
15 http fetch GET 200 https://registry.npmjs.org/yt-dlp 1566ms (cache miss)
16 silly packumentCache full:https://registry.npmjs.org/yt-dlp set size:undefined disposed:false
17 silly placeDep ROOT yt-dlp@ OK for: savemeapp@1.0.0 want: *
18 verbose type range
19 verbose stack yt-dlp: No versions available for yt-dlp
19 verbose stack     at pickManifest (/data/data/com.termux/files/usr/lib/node_modules/npm/node_modules/npm-pick-manifest/lib/index.js:141:25)
19 verbose stack     at module.exports (/data/data/com.termux/files/usr/lib/node_modules/npm/node_modules/npm-pick-manifest/lib/index.js:188:16)
19 verbose stack     at RegistryFetcher.manifest (/data/data/com.termux/files/usr/lib/node_modules/npm/node_modules/pacote/lib/registry.js:130:54)
19 verbose stack     at async #fetchManifest (/data/data/com.termux/files/usr/lib/node_modules/npm/node_modules/@npmcli/arborist/lib/arborist/build-ideal-tree.js:1319:20)
19 verbose stack     at async #nodeFromEdge (/data/data/com.termux/files/usr/lib/node_modules/npm/node_modules/@npmcli/arborist/lib/arborist/build-ideal-tree.js:1140:19)
19 verbose stack     at async #buildDepStep (/data/data/com.termux/files/usr/lib/node_modules/npm/node_modules/@npmcli/arborist/lib/arborist/build-ideal-tree.js:984:15)
19 verbose stack     at async Arborist.buildIdealTree (/data/data/com.termux/files/usr/lib/node_modules/npm/node_modules/@npmcli/arborist/lib/arborist/build-ideal-tree.js:179:7)
19 verbose stack     at async Promise.all (index 1)
19 verbose stack     at async Arborist.reify (/data/data/com.termux/files/usr/lib/node_modules/npm/node_modules/@npmcli/arborist/lib/arborist/reify.js:112:5)
19 verbose stack     at async Install.exec (/data/data/com.termux/files/usr/lib/node_modules/npm/lib/commands/install.js:158:5)
20 error code ENOVERSIONS
21 error No versions available for yt-dlp
22 silly unfinished npm timer reify 1784351908821
23 silly unfinished npm timer reify:loadTrees 1784351908825
24 verbose cwd /data/data/com.termux/files/home
25 verbose os Linux 5.4.274-qgki-g8256e44b1fad
26 verbose node v26.3.1
27 verbose npm  v11.17.0
28 verbose exit 1
29 verbose code 1
30 error A complete log of this run can be found in: /data/data/com.termux/files/home/.npm/_logs/2026-07-18T05_18_26_819Z-debug-0.log
